<?xml version="1.0" encoding="UTF-8"?>
<!-- Generated by org.testng.reporters.JUnitReportReporter -->
<testsuite hostname="DESKTOP-3UC057L" failures="0" tests="1" name="test.com.itexps.NewfirstprojectTest" time="0.012" errors="0" timestamp="31 Aug 2024 15:35:01 GMT">
  <testcase classname="test.com.itexps.NewfirstprojectTest" name="testAdd" time="0.012"/>
</testsuite> <!-- test.com.itexps.NewfirstprojectTest -->
